Arguments: 
  /usr/local/bin/node /usr/local/bin/yarn start

PATH: 
  /usr/local/bin:/usr/bin:/bin:/usr/sbin:/sbin:/usr/local/mysql/bin/

Yarn version: 
  1.7.0

Node version: 
  8.11.1

Platform: 
  darwin x64

Trace: 
  SyntaxError: /Users/nicolecooper/Documents/Rutgers_2018/Clicky-Game/package.json: Unexpected token , in JSON at position 157
      at JSON.parse (<anonymous>)
      at /usr/local/lib/node_modules/yarn/lib/cli.js:1130:59
      at Generator.next (<anonymous>)
      at step (/usr/local/lib/node_modules/yarn/lib/cli.js:98:30)
      at /usr/local/lib/node_modules/yarn/lib/cli.js:109:13
      at <anonymous>

npm manifest: 
  {
    "name": "yarn.lock",
    "version": "1.0.0",
    "main": "index.js",
    "repository": "https://github.com/Nicolecandice/Clicky-Game.git",
    "license": "MIT"
  },
  "scripts": {
    "start": "npm run build && node ./build/index.js"
  }

yarn manifest: 
  No manifest

Lockfile: 
  No lockfile
